C:\Microsoft Visual Studio2022Community\MSBuild\Microsoft\VC\v170\Microsoft.CppBuild.targets(514,5): warning MSB8028: 中间目录(Debug\)包含从另一个项目(Project3.vcxproj)共享的文件。   这会导致错误的清除和重新生成行为。
  speechManager.cpp
C:\Microsoft Visual Studio2022Community新建项目\Project3\speechManager.cpp(57,20): warning C4018: “<”: 有符号/无符号不匹配
C:\Microsoft Visual Studio2022Community新建项目\Project3\speechManager.cpp(353,27): warning C4018: “<”: 有符号/无符号不匹配
C:\Microsoft Visual Studio2022Community\VC\Tools\MSVC\14.31.31103\include\numeric(34,26): warning C4244: “=”: 从“double”转换到“_Ty”，可能丢失数据
          with
          [
              _Ty=float
          ]
C:\Microsoft Visual Studio2022Community\VC\Tools\MSVC\14.31.31103\include\numeric(43): message : 查看对正在编译的函数 模板 实例化“_Ty std::accumulate<_InIt,_Ty,std::plus<void>>(const _InIt,const _InIt,_Ty,_Fn)”的引用
          with
          [
              _Ty=float,
              _InIt=std::_Deque_iterator<std::_Deque_val<std::_Deque_simple_types<double>>>,
              _Fn=std::plus<void>
          ]
C:\Microsoft Visual Studio2022Community新建项目\Project3\speechManager.cpp(187): message : 查看对正在编译的函数 模板 实例化“_Ty std::accumulate<std::_Deque_iterator<std::_Deque_val<std::_Deque_simple_types<double>>>,float>(const _InIt,const _InIt,_Ty)”的引用
          with
          [
              _Ty=float,
              _InIt=std::_Deque_iterator<std::_Deque_val<std::_Deque_simple_types<double>>>
          ]
  speechManager.h
  演讲比赛流程管理系统.cpp
  正在生成代码...
  Project3.vcxproj -> C:\Microsoft Visual Studio2022Community新建项目\Project3\Debug\基于STL的演讲比赛流程管理系统.exe
